e:\backup\agp\constant buffersfile\constant buffersfile\debug\vc141.pdb
e:\backup\agp\constant buffersfile\constant buffersfile\debug\vc141.idb
e:\backup\agp\constant buffersfile\constant buffersfile\debug\main.obj
e:\backup\agp\constant buffersfile\constant buffersfile\debug\shaders.cso
e:\backup\agp\constant buffersfile\constant buffersfile\debug\constant buffersfile.exe
e:\backup\agp\constant buffersfile\constant buffersfile\debug\constant buffersfile.ilk
e:\backup\agp\constant buffersfile\constant buffersfile\debug\constant buffersfile.pdb
u:\agp\constant buffersfile exercise 2\constant buffersfile exercise 2\debug\main.obj
u:\agp\constant buffersfile exercise 2\constant buffersfile exercise 2\debug\constant buffersfile.ilk
u:\agp\constant buffersfile exercise 2\constant buffersfile exercise 2\debug\vc141.idb
u:\agp\constant buffersfile exercise 2\constant buffersfile exercise 2\debug\constant buffersfile.pdb
u:\agp\constant buffersfile exercise 2\constant buffersfile exercise 2\debug\vc141.pdb
u:\agp\constant buffersfile exercise 2\constant buffersfile exercise 2\debug\constant buffersfile.exe
u:\agp\constant buffersfile exercise 2\constant buffersfile exercise 2\debug\constant.ec53ac42.tlog\cl.command.1.tlog
u:\agp\constant buffersfile exercise 2\constant buffersfile exercise 2\debug\constant.ec53ac42.tlog\cl.read.1.tlog
u:\agp\constant buffersfile exercise 2\constant buffersfile exercise 2\debug\constant.ec53ac42.tlog\cl.write.1.tlog
u:\agp\constant buffersfile exercise 2\constant buffersfile exercise 2\debug\constant.ec53ac42.tlog\constant buffersfile.write.1u.tlog
u:\agp\constant buffersfile exercise 2\constant buffersfile exercise 2\debug\constant.ec53ac42.tlog\link.command.1.tlog
u:\agp\constant buffersfile exercise 2\constant buffersfile exercise 2\debug\constant.ec53ac42.tlog\link.read.1.tlog
u:\agp\constant buffersfile exercise 2\constant buffersfile exercise 2\debug\constant.ec53ac42.tlog\link.write.1.tlog
